Build started 06/01/2014 14:49:19.
     1>Project "C:\Users\Henri\Documents\Projects\Pinball\monitor\monitor.vcxproj" on node 2 (Build target(s)).
     1>Lib:
         C:\Program Files (x86)\Microsoft Visual Studio 12.0\VC\bin\Lib.exe /OUT:"C:\Users\Henri\Documents\Projects\Pinball\Release\monitor.lib" /NOLOGO /LTCG Release\log.obj
         Release\monitor.obj
         monitor.vcxproj -> C:\Users\Henri\Documents\Projects\Pinball\Release\monitor.lib
       PostBuildEvent:
         copy C:\Users\Henri\Documents\Projects\Pinball\monitor\\Release\*.lib C:\Users\Henri\Documents\Projects\Pinball\\lib\Win32\Release\
         :VCEnd
         C:\Users\Henri\Documents\Projects\Pinball\monitor\\Release\*.lib 
         The system cannot find the file specified.
                 0 file(s) copied.
     1>C:\Program Files (x86)\MSBuild\Microsoft.Cpp\v4.0\V120\Microsoft.CppCommon.targets(132,5): error MSB3073: The command "copy C:\Users\Henri\Documents\Projects\Pinball\monitor\\Release\*.lib C:\Users\Henri\Documents\Projects\Pinball\\lib\Win32\Release\
C:\Program Files (x86)\MSBuild\Microsoft.Cpp\v4.0\V120\Microsoft.CppCommon.targets(132,5): error MSB3073: :VCEnd" exited with code 1.
     1>Done Building Project "C:\Users\Henri\Documents\Projects\Pinball\monitor\monitor.vcxproj" (Build target(s)) -- FAILED.

Build FAILED.

Time Elapsed 00:00:00.38
